# JRE version: OpenJDK Runtime Environment (11.0.13) (build 11.0.13+0-b1751.21-8125866)
# Java VM: OpenJDK 64-Bit Server VM (11.0.13+0-b1751.21-8125866, mixed mode, tiered, compressed oops, g1 gc, windows-amd64)
Heap:
 garbage-first heap   total 131072K, used 113704K [0x00000000a2400000, 0x0000000100000000)
  region size 1024K, 6 young (6144K), 1 survivors (1024K)
 Metaspace       used 104437K, capacity 108071K, committed 108336K, reserved 1142784K
  class space    used 13224K, capacity 14523K, committed 14616K, reserved 1048576K
GC Heap History (20 events):
Event: 441.587 GC heap before
{Heap before GC invocations=139 (full 0):
 garbage-first heap   total 131072K, used 114226K [0x00000000a2400000, 0x0000000100000000)
  region size 1024K, 6 young (6144K), 1 survivors (1024K)
 Metaspace       used 104287K, capacity 107803K, committed 108080K, reserved 1142784K
  class space    used 13224K, capacity 14523K, committed 14616K, reserved 1048576K
}
Event: 441.590 GC heap after
{Heap after GC invocations=140 (full 0):
 garbage-first heap   total 131072K, used 109918K [0x00000000a2400000, 0x0000000100000000)
  region size 1024K, 1 young (1024K), 1 survivors (1024K)
 Metaspace       used 104287K, capacity 107803K, committed 108080K, reserved 1142784K
  class space    used 13224K, capacity 14523K, committed 14616K, reserved 1048576K
}
Event: 441.856 GC heap before
{Heap before GC invocations=141 (full 0):
 garbage-first heap   total 131072K, used 114014K [0x00000000a2400000, 0x0000000100000000)
  region size 1024K, 6 young (6144K), 1 survivors (1024K)
 Metaspace       used 104300K, capacity 107867K, committed 108080K, reserved 1142784K
  class space    used 13224K, capacity 14523K, committed 14616K, reserved 1048576K
}
Event: 441.858 GC heap after
{Heap after GC invocations=142 (full 0):
 garbage-first heap   total 131072K, used 111372K [0x00000000a2400000, 0x0000000100000000)
  region size 1024K, 1 young (1024K), 1 survivors (1024K)
 Metaspace       used 104300K, capacity 107867K, committed 108080K, reserved 1142784K
  class space    used 13224K, capacity 14523K, committed 14616K, reserved 1048576K
}
Event: 441.986 GC heap before
{Heap before GC invocations=142 (full 0):
 garbage-first heap   total 131072K, used 116492K [0x00000000a2400000, 0x0000000100000000)
  region size 1024K, 6 young (6144K), 1 survivors (1024K)
 Metaspace       used 104322K, capacity 107869K, committed 108080K, reserved 1142784K
  class space    used 13224K, capacity 14523K, committed 14616K, reserved 1048576K
}
Event: 441.993 GC heap after
{Heap after GC invocations=143 (full 0):
 garbage-first heap   total 131072K, used 104679K [0x00000000a2400000, 0x0000000100000000)
  region size 1024K, 1 young (1024K), 1 survivors (1024K)
 Metaspace       used 104322K, capacity 107869K, committed 108080K, reserved 1142784K
  class space    used 13224K, capacity 14523K, committed 14616K, reserved 1048576K
}
Event: 444.802 GC heap before
{Heap before GC invocations=143 (full 0):
 garbage-first heap   total 131072K, used 109799K [0x00000000a2400000, 0x0000000100000000)
  region size 1024K, 7 young (7168K), 1 survivors (1024K)
 Metaspace       used 104334K, capacity 107998K, committed 108336K, reserved 1142784K
  class space    used 13224K, capacity 14523K, committed 14616K, reserved 1048576K
}
Event: 444.808 GC heap after
{Heap after GC invocations=144 (full 0):
 garbage-first heap   total 131072K, used 105979K [0x00000000a2400000, 0x0000000100000000)
  region size 1024K, 1 young (1024K), 1 survivors (1024K)
 Metaspace       used 104334K, capacity 107998K, committed 108336K, reserved 1142784K
  class space    used 13224K, capacity 14523K, committed 14616K, reserved 1048576K
}
Event: 444.853 GC heap before
{Heap before GC invocations=144 (full 0):
 garbage-first heap   total 131072K, used 111099K [0x00000000a2400000, 0x0000000100000000)
  region size 1024K, 6 young (6144K), 1 survivors (1024K)
 Metaspace       used 104339K, capacity 107998K, committed 108336K, reserved 1142784K
  class space    used 13224K, capacity 14523K, committed 14616K, reserved 1048576K
}
Event: 444.855 GC heap after
{Heap after GC invocations=145 (full 0):
 garbage-first heap   total 131072K, used 107071K [0x00000000a2400000, 0x0000000100000000)
  region size 1024K, 1 young (1024K), 1 survivors (1024K)
 Metaspace       used 104339K, capacity 107998K, committed 108336K, reserved 1142784K
  class space    used 13224K, capacity 14523K, committed 14616K, reserved 1048576K
}
Event: 444.917 GC heap before
{Heap before GC invocations=145 (full 0):
 garbage-first heap   total 131072K, used 111167K [0x00000000a2400000, 0x0000000100000000)
  region size 1024K, 6 young (6144K), 1 survivors (1024K)
 Metaspace       used 104341K, capacity 107998K, committed 108336K, reserved 1142784K
  class space    used 13224K, capacity 14523K, committed 14616K, reserved 1048576K
}
Event: 444.918 GC heap after
{Heap after GC invocations=146 (full 0):
 garbage-first heap   total 131072K, used 107601K [0x00000000a2400000, 0x0000000100000000)
  region size 1024K, 1 young (1024K), 1 survivors (1024K)
 Metaspace       used 104341K, capacity 107998K, committed 108336K, reserved 1142784K
  class space    used 13224K, capacity 14523K, committed 14616K, reserved 1048576K
}
Event: 444.947 GC heap before
{Heap before GC invocations=147 (full 0):
 garbage-first heap   total 131072K, used 112721K [0x00000000a2400000, 0x0000000100000000)
  region size 1024K, 6 young (6144K), 1 survivors (1024K)
 Metaspace       used 104355K, capacity 107999K, committed 108336K, reserved 1142784K
  class space    used 13224K, capacity 14523K, committed 14616K, reserved 1048576K
}
Event: 444.950 GC heap after
{Heap after GC invocations=148 (full 0):
 garbage-first heap   total 131072K, used 108033K [0x00000000a2400000, 0x0000000100000000)
  region size 1024K, 1 young (1024K), 1 survivors (1024K)
 Metaspace       used 104355K, capacity 107999K, committed 108336K, reserved 1142784K
  class space    used 13224K, capacity 14523K, committed 14616K, reserved 1048576K
}
Event: 444.988 GC heap before
{Heap before GC invocations=148 (full 0):
 garbage-first heap   total 131072K, used 113153K [0x00000000a2400000, 0x0000000100000000)
  region size 1024K, 6 young (6144K), 1 survivors (1024K)
 Metaspace       used 104365K, capacity 107999K, committed 108336K, reserved 1142784K
  class space    used 13224K, capacity 14523K, committed 14616K, reserved 1048576K
}
Event: 444.992 GC heap after
{Heap after GC invocations=149 (full 0):
 garbage-first heap   total 131072K, used 106120K [0x00000000a2400000, 0x0000000100000000)
  region size 1024K, 1 young (1024K), 1 survivors (1024K)
 Metaspace       used 104365K, capacity 107999K, committed 108336K, reserved 1142784K
  class space    used 13224K, capacity 14523K, committed 14616K, reserved 1048576K
}
Event: 445.035 GC heap before
{Heap before GC invocations=149 (full 0):
 garbage-first heap   total 131072K, used 111240K [0x00000000a2400000, 0x0000000100000000)
  region size 1024K, 6 young (6144K), 1 survivors (1024K)
 Metaspace       used 104381K, capacity 108000K, committed 108336K, reserved 1142784K
  class space    used 13224K, capacity 14523K, committed 14616K, reserved 1048576K
}
Event: 445.042 GC heap after
{Heap after GC invocations=150 (full 0):
 garbage-first heap   total 131072K, used 108078K [0x00000000a2400000, 0x0000000100000000)
  region size 1024K, 1 young (1024K), 1 survivors (1024K)
 Metaspace       used 104381K, capacity 108000K, committed 108336K, reserved 1142784K
  class space    used 13224K, capacity 14523K, committed 14616K, reserved 1048576K
}
Event: 445.119 GC heap before
{Heap before GC invocations=150 (full 0):
 garbage-first heap   total 131072K, used 113198K [0x00000000a2400000, 0x0000000100000000)
  region size 1024K, 6 young (6144K), 1 survivors (1024K)
 Metaspace       used 104423K, capacity 108069K, committed 108336K, reserved 1142784K
  class space    used 13224K, capacity 14523K, committed 14616K, reserved 1048576K
}
Event: 445.123 GC heap after
{Heap after GC invocations=151 (full 0):
 garbage-first heap   total 131072K, used 109608K [0x00000000a2400000, 0x0000000100000000)
  region size 1024K, 1 young (1024K), 1 survivors (1024K)
 Metaspace       used 104423K, capacity 108069K, committed 108336K, reserved 1142784K
  class space    used 13224K, capacity 14523K, committed 14616K, reserved 1048576K
}

