# JRE version: OpenJDK Runtime Environment (11.0.13) (build 11.0.13+0-b1751.21-8125866)
# Java VM: OpenJDK 64-Bit Server VM (11.0.13+0-b1751.21-8125866, mixed mode, tiered, compressed oops, g1 gc, windows-amd64)
Heap:
 garbage-first heap   total 212992K, used 122032K [0x00000000a2400000, 0x0000000100000000)
  region size 1024K, 1 young (1024K), 1 survivors (1024K)
 Metaspace       used 132354K, capacity 135991K, committed 136412K, reserved 1167360K
  class space    used 17037K, capacity 18430K, committed 18636K, reserved 1048576K
GC Heap History (20 events):
Event: 61.071 GC heap before
{Heap before GC invocations=80 (full 0):
 garbage-first heap   total 131072K, used 114978K [0x00000000a2400000, 0x0000000100000000)
  region size 1024K, 6 young (6144K), 1 survivors (1024K)
 Metaspace       used 131716K, capacity 135321K, committed 135516K, reserved 1167360K
  class space    used 16999K, capacity 18422K, committed 18508K, reserved 1048576K
}
Event: 61.072 GC heap after
{Heap after GC invocations=81 (full 0):
 garbage-first heap   total 131072K, used 110238K [0x00000000a2400000, 0x0000000100000000)
  region size 1024K, 1 young (1024K), 1 survivors (1024K)
 Metaspace       used 131716K, capacity 135321K, committed 135516K, reserved 1167360K
  class space    used 16999K, capacity 18422K, committed 18508K, reserved 1048576K
}
Event: 61.116 GC heap before
{Heap before GC invocations=81 (full 0):
 garbage-first heap   total 131072K, used 114334K [0x00000000a2400000, 0x0000000100000000)
  region size 1024K, 7 young (7168K), 1 survivors (1024K)
 Metaspace       used 131748K, capacity 135391K, committed 135516K, reserved 1167360K
  class space    used 17002K, capacity 18424K, committed 18508K, reserved 1048576K
}
Event: 61.118 GC heap after
{Heap after GC invocations=82 (full 0):
 garbage-first heap   total 131072K, used 111800K [0x00000000a2400000, 0x0000000100000000)
  region size 1024K, 1 young (1024K), 1 survivors (1024K)
 Metaspace       used 131748K, capacity 135391K, committed 135516K, reserved 1167360K
  class space    used 17002K, capacity 18424K, committed 18508K, reserved 1048576K
}
Event: 61.131 GC heap before
{Heap before GC invocations=82 (full 0):
 garbage-first heap   total 131072K, used 116920K [0x00000000a2400000, 0x0000000100000000)
  region size 1024K, 6 young (6144K), 1 survivors (1024K)
 Metaspace       used 131795K, capacity 135394K, committed 135516K, reserved 1167360K
  class space    used 17006K, capacity 18425K, committed 18508K, reserved 1048576K
}
Event: 61.133 GC heap after
{Heap after GC invocations=83 (full 0):
 garbage-first heap   total 131072K, used 112705K [0x00000000a2400000, 0x0000000100000000)
  region size 1024K, 1 young (1024K), 1 survivors (1024K)
 Metaspace       used 131795K, capacity 135394K, committed 135516K, reserved 1167360K
  class space    used 17006K, capacity 18425K, committed 18508K, reserved 1048576K
}
Event: 61.150 GC heap before
{Heap before GC invocations=83 (full 0):
 garbage-first heap   total 131072K, used 116801K [0x00000000a2400000, 0x0000000100000000)
  region size 1024K, 6 young (6144K), 1 survivors (1024K)
 Metaspace       used 131938K, capacity 135566K, committed 135772K, reserved 1167360K
  class space    used 17033K, capacity 18461K, committed 18508K, reserved 1048576K
}
Event: 61.153 GC heap after
{Heap after GC invocations=84 (full 0):
 garbage-first heap   total 131072K, used 113595K [0x00000000a2400000, 0x0000000100000000)
  region size 1024K, 1 young (1024K), 1 survivors (1024K)
 Metaspace       used 131938K, capacity 135566K, committed 135772K, reserved 1167360K
  class space    used 17033K, capacity 18461K, committed 18508K, reserved 1048576K
}
Event: 61.171 GC heap before
{Heap before GC invocations=84 (full 0):
 garbage-first heap   total 131072K, used 118715K [0x00000000a2400000, 0x0000000100000000)
  region size 1024K, 6 young (6144K), 1 survivors (1024K)
 Metaspace       used 132006K, capacity 135636K, committed 135772K, reserved 1167360K
  class space    used 17037K, capacity 18463K, committed 18508K, reserved 1048576K
}
Event: 61.174 GC heap after
{Heap after GC invocations=85 (full 0):
 garbage-first heap   total 131072K, used 114555K [0x00000000a2400000, 0x0000000100000000)
  region size 1024K, 1 young (1024K), 1 survivors (1024K)
 Metaspace       used 132006K, capacity 135636K, committed 135772K, reserved 1167360K
  class space    used 17037K, capacity 18463K, committed 18508K, reserved 1048576K
}
Event: 61.195 GC heap before
{Heap before GC invocations=85 (full 0):
 garbage-first heap   total 131072K, used 119675K [0x00000000a2400000, 0x0000000100000000)
  region size 1024K, 7 young (7168K), 1 survivors (1024K)
 Metaspace       used 132048K, capacity 135642K, committed 135772K, reserved 1167360K
  class space    used 17039K, capacity 18463K, committed 18508K, reserved 1048576K
}
Event: 61.197 GC heap after
{Heap after GC invocations=86 (full 0):
 garbage-first heap   total 131072K, used 115377K [0x00000000a2400000, 0x0000000100000000)
  region size 1024K, 1 young (1024K), 1 survivors (1024K)
 Metaspace       used 132048K, capacity 135642K, committed 135772K, reserved 1167360K
  class space    used 17039K, capacity 18463K, committed 18508K, reserved 1048576K
}
Event: 61.217 GC heap before
{Heap before GC invocations=86 (full 0):
 garbage-first heap   total 131072K, used 119473K [0x00000000a2400000, 0x0000000100000000)
  region size 1024K, 6 young (6144K), 1 survivors (1024K)
 Metaspace       used 132075K, capacity 135707K, committed 135772K, reserved 1167360K
  class space    used 17040K, capacity 18463K, committed 18508K, reserved 1048576K
}
Event: 61.220 GC heap after
{Heap after GC invocations=87 (full 0):
 garbage-first heap   total 157696K, used 116376K [0x00000000a2400000, 0x0000000100000000)
  region size 1024K, 1 young (1024K), 1 survivors (1024K)
 Metaspace       used 132075K, capacity 135707K, committed 135772K, reserved 1167360K
  class space    used 17040K, capacity 18463K, committed 18508K, reserved 1048576K
}
Event: 61.298 GC heap before
{Heap before GC invocations=87 (full 0):
 garbage-first heap   total 157696K, used 127640K [0x00000000a2400000, 0x0000000100000000)
  region size 1024K, 13 young (13312K), 1 survivors (1024K)
 Metaspace       used 132060K, capacity 135624K, committed 136156K, reserved 1167360K
  class space    used 17024K, capacity 18415K, committed 18636K, reserved 1048576K
}
Event: 61.302 GC heap after
{Heap after GC invocations=88 (full 0):
 garbage-first heap   total 157696K, used 119194K [0x00000000a2400000, 0x0000000100000000)
  region size 1024K, 2 young (2048K), 2 survivors (2048K)
 Metaspace       used 132060K, capacity 135624K, committed 136156K, reserved 1167360K
  class space    used 17024K, capacity 18415K, committed 18636K, reserved 1048576K
}
Event: 61.344 GC heap before
{Heap before GC invocations=88 (full 0):
 garbage-first heap   total 157696K, used 130458K [0x00000000a2400000, 0x0000000100000000)
  region size 1024K, 13 young (13312K), 2 survivors (2048K)
 Metaspace       used 132103K, capacity 135692K, committed 136156K, reserved 1167360K
  class space    used 17024K, capacity 18415K, committed 18636K, reserved 1048576K
}
Event: 61.348 GC heap after
{Heap after GC invocations=89 (full 0):
 garbage-first heap   total 157696K, used 121307K [0x00000000a2400000, 0x0000000100000000)
  region size 1024K, 2 young (2048K), 2 survivors (2048K)
 Metaspace       used 132103K, capacity 135692K, committed 136156K, reserved 1167360K
  class space    used 17024K, capacity 18415K, committed 18636K, reserved 1048576K
}
Event: 61.376 GC heap before
{Heap before GC invocations=90 (full 0):
 garbage-first heap   total 157696K, used 131547K [0x00000000a2400000, 0x0000000100000000)
  region size 1024K, 12 young (12288K), 2 survivors (2048K)
 Metaspace       used 132253K, capacity 135846K, committed 136412K, reserved 1167360K
  class space    used 17034K, capacity 18424K, committed 18636K, reserved 1048576K
}
Event: 61.378 GC heap after
{Heap after GC invocations=91 (full 0):
 garbage-first heap   total 157696K, used 122774K [0x00000000a2400000, 0x0000000100000000)
  region size 1024K, 2 young (2048K), 2 survivors (2048K)
 Metaspace       used 132253K, capacity 135846K, committed 136412K, reserved 1167360K
  class space    used 17034K, capacity 18424K, committed 18636K, reserved 1048576K
}

